<?xml version="1.0" encoding="UTF-8"?>
<!-- Generated by org.testng.reporters.JUnitReportReporter -->
<testsuite hostname="DESKTOP-6DELI1Q" failures="0" tests="1" name="com.assignment.test.UITest" time="7.661" errors="0" timestamp="2023-08-01T22:38:03 IST" skipped="0">
  <testcase classname="com.assignment.test.UITest" name="testWeatherDataInCelsius" time="7.661"/>
  <system-out/>
</testsuite> <!-- com.assignment.test.UITest -->
